<?xml version="1.0" encoding="UTF-8"?>
<robot generator="Robot 3.2.2 (Python 3.9.2 on win32)" generated="20210317 12:31:21.406" rpa="false">
<suite id="s1" name="TC001 LaunchURL &amp; TC002 search">
<suite id="s1-s1" name="TC001 LaunchURL" source="C:\Users\ADMIN\PycharmProjects\Automationfirst\TestCases\TC001_LaunchURL.robot">
<test id="s1-s1-t1" name="LaunchURL Testcases">
<kw name="Openbrowser TestCase" library="browser">
<kw name="Open Browser" library="SeleniumLibrary">
<doc>Opens a new browser instance to the optional ``url``.</doc>
<arguments>
<arg>https://ebay.com</arg>
<arg>chrome</arg>
</arguments>
<msg timestamp="20210317 12:31:24.266" level="INFO">Opening browser 'chrome' to base url 'https://ebay.com'.</msg>
<status status="PASS" starttime="20210317 12:31:24.265" endtime="20210317 12:31:38.296"></status>
</kw>
<status status="PASS" starttime="20210317 12:31:24.265" endtime="20210317 12:31:38.296"></status>
</kw>
<kw name="Closebrowser TestCase" library="browser">
<kw name="Close Browser" library="SeleniumLibrary">
<doc>Closes the current browser.</doc>
<status status="PASS" starttime="20210317 12:31:38.298" endtime="20210317 12:31:42.798"></status>
</kw>
<status status="PASS" starttime="20210317 12:31:38.297" endtime="20210317 12:31:42.798"></status>
</kw>
<doc>This testcase verify the URL</doc>
<status status="PASS" starttime="20210317 12:31:24.264" endtime="20210317 12:31:42.798" critical="yes"></status>
</test>
<doc>Search Testcases</doc>
<status status="PASS" starttime="20210317 12:31:21.640" endtime="20210317 12:31:42.798"></status>
</suite>
<suite id="s1-s2" name="TC002 search" source="C:\Users\ADMIN\PycharmProjects\Automationfirst\TestCases\TC002_search.robot">
<test id="s1-s2-t1" name="Search Testcases">
<kw name="Openbrowser TestCase" library="browser" type="setup">
<kw name="Open Browser" library="SeleniumLibrary">
<doc>Opens a new browser instance to the optional ``url``.</doc>
<arguments>
<arg>https://ebay.com</arg>
<arg>chrome</arg>
</arguments>
<msg timestamp="20210317 12:31:42.923" level="INFO">Opening browser 'chrome' to base url 'https://ebay.com'.</msg>
<status status="PASS" starttime="20210317 12:31:42.923" endtime="20210317 12:31:54.429"></status>
</kw>
<status status="PASS" starttime="20210317 12:31:42.923" endtime="20210317 12:31:54.430"></status>
</kw>
<kw name="Input text and click search" library="HomePage">
<kw name="Input Text" library="SeleniumLibrary">
<doc>Types the given ``text`` into the text field identified by ``locator``.</doc>
<arguments>
<arg>xpath://input[@id='gh-ac']</arg>
<arg>TV</arg>
</arguments>
<msg timestamp="20210317 12:31:54.433" level="INFO">Typing text 'TV' into text field 'xpath://input[@id='gh-ac']'.</msg>
<status status="PASS" starttime="20210317 12:31:54.432" endtime="20210317 12:31:56.983"></status>
</kw>
<kw name="Click Element" library="SeleniumLibrary">
<doc>Click the element identified by ``locator``.</doc>
<arguments>
<arg>xpath://input[@id='gh-btn']</arg>
</arguments>
<msg timestamp="20210317 12:31:56.984" level="INFO">Clicking element 'xpath://input[@id='gh-btn']'.</msg>
<status status="PASS" starttime="20210317 12:31:56.983" endtime="20210317 12:32:01.186"></status>
</kw>
<status status="PASS" starttime="20210317 12:31:54.431" endtime="20210317 12:32:01.187"></status>
</kw>
<kw name="Verify search results" library="SearchPage">
<kw name="Page Should Contain" library="SeleniumLibrary">
<doc>Verifies that current page contains ``text``.</doc>
<arguments>
<arg>results for TV</arg>
</arguments>
<msg timestamp="20210317 12:32:01.243" level="INFO">Current page contains text 'results for TV'.</msg>
<status status="PASS" starttime="20210317 12:32:01.188" endtime="20210317 12:32:01.243"></status>
</kw>
<status status="PASS" starttime="20210317 12:32:01.187" endtime="20210317 12:32:01.244"></status>
</kw>
<kw name="Closebrowser TestCase" library="browser" type="teardown">
<kw name="Close Browser" library="SeleniumLibrary">
<doc>Closes the current browser.</doc>
<status status="PASS" starttime="20210317 12:32:01.245" endtime="20210317 12:32:05.990"></status>
</kw>
<status status="PASS" starttime="20210317 12:32:01.244" endtime="20210317 12:32:05.990"></status>
</kw>
<doc>This testcase verify the search function</doc>
<status status="PASS" starttime="20210317 12:31:42.923" endtime="20210317 12:32:05.990" critical="yes"></status>
</test>
<doc>Search Testcases</doc>
<status status="PASS" starttime="20210317 12:31:42.798" endtime="20210317 12:32:06.174"></status>
</suite>
<status status="PASS" starttime="20210317 12:31:21.437" endtime="20210317 12:32:06.190"></status>
</suite>
<statistics>
<total>
<stat pass="2" fail="0">Critical Tests</stat>
<stat pass="2" fail="0">All Tests</stat>
</total>
<tag>
</tag>
<suite>
<stat pass="2" fail="0" id="s1" name="TC001 LaunchURL &amp; TC002 search">TC001 LaunchURL &amp; TC002 search</stat>
<stat pass="1" fail="0" id="s1-s1" name="TC001 LaunchURL">TC001 LaunchURL &amp; TC002 search.TC001 LaunchURL</stat>
<stat pass="1" fail="0" id="s1-s2" name="TC002 search">TC001 LaunchURL &amp; TC002 search.TC002 search</stat>
</suite>
</statistics>
<errors>
</errors>
</robot>
